# JRE version: Java(TM) SE Runtime Environment 18.9 (11.0.18+9) (build 11.0.18+9-LTS-195)
# Java VM: Java HotSpot(TM) 64-Bit Server VM 18.9 (11.0.18+9-LTS-195, mixed mode, tiered, compressed oops, g1 gc, windows-amd64)
Heap:
 garbage-first heap   total 131072K, used 20480K [0x0000000081a00000, 0x0000000100000000)
  region size 1024K, 3 young (3072K), 2 survivors (2048K)
 Metaspace       used 34864K, capacity 36298K, committed 36352K, reserved 1081344K
  class space    used 3938K, capacity 4579K, committed 4608K, reserved 1048576K
GC Heap History (10 events):
Event: 1.887 GC heap before
{Heap before GC invocations=1 (full 0):
 garbage-first heap   total 131072K, used 13103K [0x0000000081a00000, 0x0000000100000000)
  region size 1024K, 11 young (11264K), 2 survivors (2048K)
 Metaspace       used 14547K, capacity 15054K, committed 15360K, reserved 1062912K
  class space    used 1512K, capacity 1721K, committed 1792K, reserved 1048576K
}
Event: 1.892 GC heap after
{Heap after GC invocations=2 (full 0):
 garbage-first heap   total 131072K, used 4679K [0x0000000081a00000, 0x0000000100000000)
  region size 1024K, 1 young (1024K), 1 survivors (1024K)
 Metaspace       used 14547K, capacity 15054K, committed 15360K, reserved 1062912K
  class space    used 1512K, capacity 1721K, committed 1792K, reserved 1048576K
}
Event: 2.608 GC heap before
{Heap before GC invocations=2 (full 0):
 garbage-first heap   total 131072K, used 26183K [0x0000000081a00000, 0x0000000100000000)
  region size 1024K, 24 young (24576K), 1 survivors (1024K)
 Metaspace       used 20458K, capacity 21183K, committed 21248K, reserved 1069056K
  class space    used 2172K, capacity 2497K, committed 2560K, reserved 1048576K
}
Event: 2.615 GC heap after
{Heap after GC invocations=3 (full 0):
 garbage-first heap   total 131072K, used 7255K [0x0000000081a00000, 0x0000000100000000)
  region size 1024K, 4 young (4096K), 4 survivors (4096K)
 Metaspace       used 20458K, capacity 21183K, committed 21248K, reserved 1069056K
  class space    used 2172K, capacity 2497K, committed 2560K, reserved 1048576K
}
Event: 3.622 GC heap before
{Heap before GC invocations=4 (full 0):
 garbage-first heap   total 131072K, used 45143K [0x0000000081a00000, 0x0000000100000000)
  region size 1024K, 39 young (39936K), 4 survivors (4096K)
 Metaspace       used 26692K, capacity 27540K, committed 27776K, reserved 1073152K
  class space    used 2813K, capacity 3130K, committed 3200K, reserved 1048576K
}
Event: 3.635 GC heap after
{Heap after GC invocations=5 (full 0):
 garbage-first heap   total 131072K, used 12240K [0x0000000081a00000, 0x0000000100000000)
  region size 1024K, 5 young (5120K), 5 survivors (5120K)
 Metaspace       used 26692K, capacity 27540K, committed 27776K, reserved 1073152K
  class space    used 2813K, capacity 3130K, committed 3200K, reserved 1048576K
}
Event: 4.523 GC heap before
{Heap before GC invocations=5 (full 0):
 garbage-first heap   total 131072K, used 67536K [0x0000000081a00000, 0x0000000100000000)
  region size 1024K, 59 young (60416K), 5 survivors (5120K)
 Metaspace       used 31934K, capacity 33169K, committed 33280K, reserved 1079296K
  class space    used 3513K, capacity 4035K, committed 4096K, reserved 1048576K
}
Event: 4.544 GC heap after
{Heap after GC invocations=6 (full 0):
 garbage-first heap   total 131072K, used 19318K [0x0000000081a00000, 0x0000000100000000)
  region size 1024K, 7 young (7168K), 7 survivors (7168K)
 Metaspace       used 31934K, capacity 33169K, committed 33280K, reserved 1079296K
  class space    used 3513K, capacity 4035K, committed 4096K, reserved 1048576K
}
Event: 5.007 GC heap before
{Heap before GC invocations=6 (full 0):
 garbage-first heap   total 131072K, used 29558K [0x0000000081a00000, 0x0000000100000000)
  region size 1024K, 18 young (18432K), 7 survivors (7168K)
 Metaspace       used 34374K, capacity 35720K, committed 35840K, reserved 1081344K
  class space    used 3874K, capacity 4514K, committed 4608K, reserved 1048576K
}
Event: 5.021 GC heap after
{Heap after GC invocations=7 (full 0):
 garbage-first heap   total 131072K, used 20480K [0x0000000081a00000, 0x0000000100000000)
  region size 1024K, 2 young (2048K), 2 survivors (2048K)
 Metaspace       used 34374K, capacity 35720K, committed 35840K, reserved 1081344K
  class space    used 3874K, capacity 4514K, committed 4608K, reserved 1048576K
}

