# JRE version: Java(TM) SE Runtime Environment 18.9 (11.0.18+9) (build 11.0.18+9-LTS-195)
# Java VM: Java HotSpot(TM) 64-Bit Server VM 18.9 (11.0.18+9-LTS-195, mixed mode, tiered, compressed oops, g1 gc, windows-amd64)
Heap:
 garbage-first heap   total 157696K, used 20451K [0x0000000081a00000, 0x0000000100000000)
  region size 1024K, 10 young (10240K), 10 survivors (10240K)
 Metaspace       used 34363K, capacity 35715K, committed 35840K, reserved 1081344K
  class space    used 3871K, capacity 4512K, committed 4608K, reserved 1048576K
GC Heap History (9 events):
Event: 1.076 GC heap before
{Heap before GC invocations=0 (full 0):
 garbage-first heap   total 131072K, used 13312K [0x0000000081a00000, 0x0000000100000000)
  region size 1024K, 14 young (14336K), 0 survivors (0K)
 Metaspace       used 12177K, capacity 12429K, committed 12672K, reserved 1060864K
  class space    used 1193K, capacity 1296K, committed 1408K, reserved 1048576K
}
Event: 1.082 GC heap after
{Heap after GC invocations=1 (full 0):
 garbage-first heap   total 131072K, used 4413K [0x0000000081a00000, 0x0000000100000000)
  region size 1024K, 2 young (2048K), 2 survivors (2048K)
 Metaspace       used 12177K, capacity 12429K, committed 12672K, reserved 1060864K
  class space    used 1193K, capacity 1296K, committed 1408K, reserved 1048576K
}
Event: 1.357 GC heap before
{Heap before GC invocations=1 (full 0):
 garbage-first heap   total 131072K, used 14653K [0x0000000081a00000, 0x0000000100000000)
  region size 1024K, 12 young (12288K), 2 survivors (2048K)
 Metaspace       used 14668K, capacity 15174K, committed 15360K, reserved 1062912K
  class space    used 1536K, capacity 1741K, committed 1792K, reserved 1048576K
}
Event: 1.363 GC heap after
{Heap after GC invocations=2 (full 0):
 garbage-first heap   total 131072K, used 5085K [0x0000000081a00000, 0x0000000100000000)
  region size 1024K, 1 young (1024K), 1 survivors (1024K)
 Metaspace       used 14668K, capacity 15174K, committed 15360K, reserved 1062912K
  class space    used 1536K, capacity 1741K, committed 1792K, reserved 1048576K
}
Event: 2.071 GC heap before
{Heap before GC invocations=2 (full 0):
 garbage-first heap   total 131072K, used 25565K [0x0000000081a00000, 0x0000000100000000)
  region size 1024K, 23 young (23552K), 1 survivors (1024K)
 Metaspace       used 20453K, capacity 21183K, committed 21248K, reserved 1069056K
  class space    used 2172K, capacity 2497K, committed 2560K, reserved 1048576K
}
Event: 2.077 GC heap after
{Heap after GC invocations=3 (full 0):
 garbage-first heap   total 131072K, used 7620K [0x0000000081a00000, 0x0000000100000000)
  region size 1024K, 4 young (4096K), 4 survivors (4096K)
 Metaspace       used 20453K, capacity 21183K, committed 21248K, reserved 1069056K
  class space    used 2172K, capacity 2497K, committed 2560K, reserved 1048576K
}
Event: 2.837 GC heap before
{Heap before GC invocations=4 (full 0):
 garbage-first heap   total 131072K, used 43460K [0x0000000081a00000, 0x0000000100000000)
  region size 1024K, 37 young (37888K), 4 survivors (4096K)
 Metaspace       used 26357K, capacity 27186K, committed 27520K, reserved 1073152K
  class space    used 2772K, capacity 3098K, committed 3200K, reserved 1048576K
}
Event: 2.850 GC heap after
{Heap after GC invocations=5 (full 0):
 garbage-first heap   total 131072K, used 11892K [0x0000000081a00000, 0x0000000100000000)
  region size 1024K, 5 young (5120K), 5 survivors (5120K)
 Metaspace       used 26357K, capacity 27186K, committed 27520K, reserved 1073152K
  class space    used 2772K, capacity 3098K, committed 3200K, reserved 1048576K
}
Event: 4.105 GC heap before
{Heap before GC invocations=5 (full 0):
 garbage-first heap   total 131072K, used 78452K [0x0000000081a00000, 0x0000000100000000)
  region size 1024K, 72 young (73728K), 5 survivors (5120K)
 Metaspace       used 34363K, capacity 35715K, committed 35840K, reserved 1081344K
  class space    used 3871K, capacity 4512K, committed 4608K, reserved 1048576K
}

