<?xml version="1.0" encoding="UTF-8"?>
<testng-results ignored="0" total="1" passed="1" failed="0" skipped="0">
  <reporter-output>
  </reporter-output>
  <suite started-at="2024-02-21T15:45:37 IST" name="Default suite" finished-at="2024-02-21T15:45:40 IST" duration-ms="2440">
    <groups>
    </groups>
    <test started-at="2024-02-21T15:45:37 IST" name="Default test" finished-at="2024-02-21T15:45:40 IST" duration-ms="2440">
      <class name="tests.ValidateResponseTime">
        <test-method signature="testResponseTime()[pri:0, instance:tests.ValidateResponseTime@e350b40]" started-at="2024-02-21T15:45:37 IST" name="testResponseTime" finished-at="2024-02-21T15:45:40 IST" duration-ms="2341" status="PASS">
          <reporter-output>
          </reporter-output>
        </test-method> <!-- testResponseTime -->
      </class> <!-- tests.ValidateResponseTime -->
    </test> <!-- Default test -->
  </suite> <!-- Default suite -->
</testng-results>
